[debug] [2018-03-22T23:07:35.647Z] ----------------------------------------------------------------------
[debug] [2018-03-22T23:07:35.649Z] Command:       /usr/local/bin/node /usr/local/bin/firebase deploy
[debug] [2018-03-22T23:07:35.649Z] CLI Version:   3.17.7
[debug] [2018-03-22T23:07:35.649Z] Platform:      darwin
[debug] [2018-03-22T23:07:35.649Z] Node Version:  v8.10.0
[debug] [2018-03-22T23:07:35.649Z] Time:          Fri Mar 23 2018 10:07:35 GMT+1100 (AEDT)
[debug] [2018-03-22T23:07:35.649Z] ----------------------------------------------------------------------
[debug] 
[debug] [2018-03-22T23:07:35.663Z] > command requires scopes: ["email","openid","https://www.googleapis.com/auth/cloudplatformprojects.readonly","https://www.googleapis.com/auth/firebase","https://www.googleapis.com/auth/cloud-platform"]
[debug] [2018-03-22T23:07:35.663Z] > authorizing via signed-in user
[debug] [2018-03-22T23:07:35.665Z] >>> HTTP REQUEST GET https://admin.firebase.com/v1/projects/pwagram-9de82  
  
 Fri Mar 23 2018 10:07:35 GMT+1100 (AEDT)
[debug] [2018-03-22T23:07:36.787Z] <<< HTTP RESPONSE 200
[debug] [2018-03-22T23:07:36.788Z] >>> HTTP REQUEST GET https://admin.firebase.com/v1/database/pwagram-9de82/tokens  
  
 Fri Mar 23 2018 10:07:36 GMT+1100 (AEDT)
[debug] [2018-03-22T23:07:37.521Z] <<< HTTP RESPONSE 200
[info] 
[info] === Deploying to 'pwagram-9de82'...
[info] 
[info] i  deploying functions, hosting
[debug] [2018-03-22T23:07:41.719Z] > [functions] package.json contents: {
  "name": "functions",
  "description": "Cloud Functions for Firebase",
  "scripts": {
    "serve": "firebase serve --only functions",
    "shell": "firebase experimental:functions:shell",
    "start": "npm run shell",
    "deploy": "firebase deploy --only functions",
    "logs": "firebase functions:log"
  },
  "dependencies": {
    "cors": "^2.8.4",
    "firebase-admin": "^5.10.0",
    "firebase-functions": "^0.9.0"
  },
  "private": true
}
[info] i  functions: ensuring necessary APIs are enabled...
[debug] [2018-03-22T23:07:41.720Z] >>> HTTP REQUEST GET https://servicemanagement.googleapis.com/v1/services/cloudfunctions.googleapis.com/projectSettings/pwagram-9de82?view=CONSUMER_VIEW  
  
 Fri Mar 23 2018 10:07:41 GMT+1100 (AEDT)
[debug] [2018-03-22T23:07:41.721Z] >>> HTTP REQUEST GET https://servicemanagement.googleapis.com/v1/services/runtimeconfig.googleapis.com/projectSettings/pwagram-9de82?view=CONSUMER_VIEW  
  
 Fri Mar 23 2018 10:07:41 GMT+1100 (AEDT)
[debug] [2018-03-22T23:07:43.379Z] <<< HTTP RESPONSE 200
[debug] [2018-03-22T23:07:43.425Z] <<< HTTP RESPONSE 200
[info] ✔  functions: all necessary APIs are enabled
[debug] [2018-03-22T23:07:43.426Z] >>> HTTP REQUEST GET https://cloudresourcemanager.googleapis.com/v1/projects/pwagram-9de82  
  
 Fri Mar 23 2018 10:07:43 GMT+1100 (AEDT)
[debug] [2018-03-22T23:07:44.976Z] <<< HTTP RESPONSE 200
[debug] [2018-03-22T23:07:44.976Z] >>> HTTP REQUEST GET https://mobilesdk-pa.googleapis.com/v1/projects/411667074250:getServerAppConfig  
  
 Fri Mar 23 2018 10:07:44 GMT+1100 (AEDT)
[debug] [2018-03-22T23:07:46.107Z] <<< HTTP RESPONSE 200
[info] i  functions: preparing functions directory for uploading...
[debug] [2018-03-22T23:07:46.110Z] >>> HTTP REQUEST GET https://runtimeconfig.googleapis.com/v1beta1/projects/pwagram-9de82/configs  
  
 Fri Mar 23 2018 10:07:46 GMT+1100 (AEDT)
[debug] [2018-03-22T23:07:46.898Z] <<< HTTP RESPONSE 200
[info] i  functions: packaged functions (39.73 KB) for uploading
[debug] [2018-03-22T23:07:47.248Z] >>> HTTP REQUEST POST https://cloudfunctions.googleapis.com/v1/projects/pwagram-9de82/locations/us-central1/functions:generateUploadUrl  
  
 Fri Mar 23 2018 10:07:47 GMT+1100 (AEDT)
[debug] [2018-03-22T23:08:17.767Z] <<< HTTP RESPONSE 503
[debug] [2018-03-22T23:08:17.767Z] <<< HTTP RESPONSE BODY {
  "error": {
    "code": 503,
    "message": "The service is currently unavailable.",
    "status": "UNAVAILABLE"
  }
}

[debug] [2018-03-22T23:08:17.768Z] TypeError: Cannot create property 'error' on string '{
  "error": {
    "code": 503,
    "message": "The service is currently unavailable.",
    "status": "UNAVAILABLE"
  }
}
'
    at module.exports (/usr/local/lib/node_modules/firebase-tools/lib/responseToError.js:11:16)
    at Request._callback (/usr/local/lib/node_modules/firebase-tools/lib/api.js:45:25)
    at Request.self.callback (/usr/local/lib/node_modules/firebase-tools/node_modules/request/request.js:186:22)
    at emitTwo (events.js:126:13)
    at Request.emit (events.js:214:7)
    at Request.<anonymous> (/usr/local/lib/node_modules/firebase-tools/node_modules/request/request.js:1163:10)
    at emitOne (events.js:116:13)
    at Request.emit (events.js:211:7)
    at IncomingMessage.<anonymous> (/usr/local/lib/node_modules/firebase-tools/node_modules/request/request.js:1085:12)
    at Object.onceWrapper (events.js:313:30)
[error] 
[error] Error: An unexpected error has occurred.
